Offloaded_NQueen_Problem_Solver/app/build/intermediates/manifest_merge_blame_file/debug/manifest-merger-blame-debug-report.txt
1<?xml version="1.0" encoding="utf-8"?>
2<manifest xmlns:android="http://schemas.android.com/apk/res/android"
3    package="com.example.myapplication"
4    android:versionCode="1"
5    android:versionName="1.0" >
6
7    <uses-sdk
8        android:minSdkVersion="16"
8-->src\main\AndroidManifest.xml
9        android:targetSdkVersion="30" />
9-->src\main\AndroidManifest.xml
10
11    <uses-permission android:name="android.permission.INTERNET" />
11-->src\main\AndroidManifest.xml:4:1-79
11-->src\main\AndroidManifest.xml:4:18-60
12
13    <application
13-->src\main\AndroidManifest.xml:5:5-23:19
14        android:allowBackup="true"
14-->src\main\AndroidManifest.xml:6:9-35
15        android:appComponentFactory="androidx.core.app.CoreComponentFactory"
15-->[androidx.core:core:1.3.1] AndroidManifest.xml:24:18-86
16        android:debuggable="true"
17        android:icon="@mipmap/ofnqueen"
17-->src\main\AndroidManifest.xml:7:9-40
18        android:label="@string/app_name"
18-->src\main\AndroidManifest.xml:8:9-41
19        android:roundIcon="@mipmap/ofnqueen"
19-->src\main\AndroidManifest.xml:9:9-45
20        android:supportsRtl="true"
20-->src\main\AndroidManifest.xml:10:9-35
21        android:testOnly="true"
22        android:theme="@style/Theme.Offloading" >
22-->src\main\AndroidManifest.xml:11:9-48
23        <activity
23-->src\main\AndroidManifest.xml:12:9-14:20
24            android:name="com.example.myapplication.SecondActivity"
24-->src\main\AndroidManifest.xml:12:19-49
25            android:screenOrientation="portrait" >
25-->src\main\AndroidManifest.xml:13:13-49
26        </activity>
27        <activity
27-->src\main\AndroidManifest.xml:15:9-22:20
28            android:name="com.example.myapplication.MainActivity"
28-->src\main\AndroidManifest.xml:15:19-47
29            android:screenOrientation="portrait" >
29-->src\main\AndroidManifest.xml:16:13-49
30            <intent-filter>
30-->src\main\AndroidManifest.xml:17:13-21:29
31                <action android:name="android.intent.action.MAIN" />
31-->src\main\AndroidManifest.xml:18:17-69
31-->src\main\AndroidManifest.xml:18:25-66
32
33                <category android:name="android.intent.category.LAUNCHER" />
33-->src\main\AndroidManifest.xml:20:17-77
33-->src\main\AndroidManifest.xml:20:27-74
34            </intent-filter>
35        </activity>
36    </application>
37
38</manifest>